# JRE version: Java(TM) SE Runtime Environment (8.0_202-b08) (build 1.8.0_202-b08)
# Java VM: Java HotSpot(TM) 64-Bit Server VM (25.202-b08 mixed mode windows-amd64 compressed oops)
Heap:
 PSYoungGen      total 134144K, used 44351K [0x00000000d6180000, 0x00000000de780000, 0x0000000100000000)
  eden space 131072K, 31% used [0x00000000d6180000,0x00000000d8a61690,0x00000000de180000)
  from space 3072K, 81% used [0x00000000de480000,0x00000000de6ee620,0x00000000de780000)
  to   space 3072K, 0% used [0x00000000de180000,0x00000000de180000,0x00000000de480000)
 ParOldGen       total 86016K, used 16K [0x0000000082400000, 0x0000000087800000, 0x00000000d6180000)
  object space 86016K, 0% used [0x0000000082400000,0x0000000082404000,0x0000000087800000)
 Metaspace       used 3561K, capacity 4682K, committed 4864K, reserved 1056768K
  class space    used 402K, capacity 434K, committed 512K, reserved 1048576K
GC Heap History (10 events):
Event: 1.064 GC heap before
{Heap before GC invocations=2 (full 0):
 PSYoungGen      total 37888K, used 34828K [0x00000000d6180000, 0x00000000d8b80000, 0x0000000100000000)
  eden space 32768K, 100% used [0x00000000d6180000,0x00000000d8180000,0x00000000d8180000)
  from space 5120K, 40% used [0x00000000d8180000,0x00000000d8383240,0x00000000d8680000)
  to   space 5120K, 0% used [0x00000000d8680000,0x00000000d8680000,0x00000000d8b80000)
 ParOldGen       total 86016K, used 8K [0x0000000082400000, 0x0000000087800000, 0x00000000d6180000)
  object space 86016K, 0% used [0x0000000082400000,0x0000000082402000,0x0000000087800000)
 Metaspace       used 3561K, capacity 4682K, committed 4864K, reserved 1056768K
  class space    used 402K, capacity 434K, committed 512K, reserved 1048576K
Event: 1.066 GC heap after
Heap after GC invocations=2 (full 0):
 PSYoungGen      total 37888K, used 2121K [0x00000000d6180000, 0x00000000dab80000, 0x0000000100000000)
  eden space 32768K, 0% used [0x00000000d6180000,0x00000000d6180000,0x00000000d8180000)
  from space 5120K, 41% used [0x00000000d8680000,0x00000000d8892630,0x00000000d8b80000)
  to   space 5120K, 0% used [0x00000000d8180000,0x00000000d8180000,0x00000000d8680000)
 ParOldGen       total 86016K, used 16K [0x0000000082400000, 0x0000000087800000, 0x00000000d6180000)
  object space 86016K, 0% used [0x0000000082400000,0x0000000082404000,0x0000000087800000)
 Metaspace       used 3561K, capacity 4682K, committed 4864K, reserved 1056768K
  class space    used 402K, capacity 434K, committed 512K, reserved 1048576K
}
Event: 1.083 GC heap before
{Heap before GC invocations=3 (full 0):
 PSYoungGen      total 37888K, used 34889K [0x00000000d6180000, 0x00000000dab80000, 0x0000000100000000)
  eden space 32768K, 100% used [0x00000000d6180000,0x00000000d8180000,0x00000000d8180000)
  from space 5120K, 41% used [0x00000000d8680000,0x00000000d8892630,0x00000000d8b80000)
  to   space 5120K, 0% used [0x00000000d8180000,0x00000000d8180000,0x00000000d8680000)
 ParOldGen       total 86016K, used 16K [0x0000000082400000, 0x0000000087800000, 0x00000000d6180000)
  object space 86016K, 0% used [0x0000000082400000,0x0000000082404000,0x0000000087800000)
 Metaspace       used 3561K, capacity 4682K, committed 4864K, reserved 1056768K
  class space    used 402K, capacity 434K, committed 512K, reserved 1048576K
Event: 1.084 GC heap after
Heap after GC invocations=3 (full 0):
 PSYoungGen      total 37888K, used 2201K [0x00000000d6180000, 0x00000000dab80000, 0x0000000100000000)
  eden space 32768K, 0% used [0x00000000d6180000,0x00000000d6180000,0x00000000d8180000)
  from space 5120K, 42% used [0x00000000d8180000,0x00000000d83a6620,0x00000000d8680000)
  to   space 5120K, 0% used [0x00000000da680000,0x00000000da680000,0x00000000dab80000)
 ParOldGen       total 86016K, used 16K [0x0000000082400000, 0x0000000087800000, 0x00000000d6180000)
  object space 86016K, 0% used [0x0000000082400000,0x0000000082404000,0x0000000087800000)
 Metaspace       used 3561K, capacity 4682K, committed 4864K, reserved 1056768K
  class space    used 402K, capacity 434K, committed 512K, reserved 1048576K
}
Event: 1.101 GC heap before
{Heap before GC invocations=4 (full 0):
 PSYoungGen      total 37888K, used 34969K [0x00000000d6180000, 0x00000000dab80000, 0x0000000100000000)
  eden space 32768K, 100% used [0x00000000d6180000,0x00000000d8180000,0x00000000d8180000)
  from space 5120K, 42% used [0x00000000d8180000,0x00000000d83a6620,0x00000000d8680000)
  to   space 5120K, 0% used [0x00000000da680000,0x00000000da680000,0x00000000dab80000)
 ParOldGen       total 86016K, used 16K [0x0000000082400000, 0x0000000087800000, 0x00000000d6180000)
  object space 86016K, 0% used [0x0000000082400000,0x0000000082404000,0x0000000087800000)
 Metaspace       used 3561K, capacity 4682K, committed 4864K, reserved 1056768K
  class space    used 402K, capacity 434K, committed 512K, reserved 1048576K
Event: 1.104 GC heap after
Heap after GC invocations=4 (full 0):
 PSYoungGen      total 70656K, used 2489K [0x00000000d6180000, 0x00000000dab80000, 0x0000000100000000)
  eden space 65536K, 0% used [0x00000000d6180000,0x00000000d6180000,0x00000000da180000)
  from space 5120K, 48% used [0x00000000da680000,0x00000000da8ee620,0x00000000dab80000)
  to   space 5120K, 0% used [0x00000000da180000,0x00000000da180000,0x00000000da680000)
 ParOldGen       total 86016K, used 16K [0x0000000082400000, 0x0000000087800000, 0x00000000d6180000)
  object space 86016K, 0% used [0x0000000082400000,0x0000000082404000,0x0000000087800000)
 Metaspace       used 3561K, capacity 4682K, committed 4864K, reserved 1056768K
  class space    used 402K, capacity 434K, committed 512K, reserved 1048576K
}
Event: 1.149 GC heap before
{Heap before GC invocations=5 (full 0):
 PSYoungGen      total 70656K, used 68025K [0x00000000d6180000, 0x00000000dab80000, 0x0000000100000000)
  eden space 65536K, 100% used [0x00000000d6180000,0x00000000da180000,0x00000000da180000)
  from space 5120K, 48% used [0x00000000da680000,0x00000000da8ee620,0x00000000dab80000)
  to   space 5120K, 0% used [0x00000000da180000,0x00000000da180000,0x00000000da680000)
 ParOldGen       total 86016K, used 16K [0x0000000082400000, 0x0000000087800000, 0x00000000d6180000)
  object space 86016K, 0% used [0x0000000082400000,0x0000000082404000,0x0000000087800000)
 Metaspace       used 3561K, capacity 4682K, committed 4864K, reserved 1056768K
  class space    used 402K, capacity 434K, committed 512K, reserved 1048576K
Event: 1.151 GC heap after
Heap after GC invocations=5 (full 0):
 PSYoungGen      total 70656K, used 2569K [0x00000000d6180000, 0x00000000de780000, 0x0000000100000000)
  eden space 65536K, 0% used [0x00000000d6180000,0x00000000d6180000,0x00000000da180000)
  from space 5120K, 50% used [0x00000000da180000,0x00000000da402630,0x00000000da680000)
  to   space 3072K, 0% used [0x00000000de480000,0x00000000de480000,0x00000000de780000)
 ParOldGen       total 86016K, used 16K [0x0000000082400000, 0x0000000087800000, 0x00000000d6180000)
  object space 86016K, 0% used [0x0000000082400000,0x0000000082404000,0x0000000087800000)
 Metaspace       used 3561K, capacity 4682K, committed 4864K, reserved 1056768K
  class space    used 402K, capacity 434K, committed 512K, reserved 1048576K
}
Event: 1.188 GC heap before
{Heap before GC invocations=6 (full 0):
 PSYoungGen      total 70656K, used 68105K [0x00000000d6180000, 0x00000000de780000, 0x0000000100000000)
  eden space 65536K, 100% used [0x00000000d6180000,0x00000000da180000,0x00000000da180000)
  from space 5120K, 50% used [0x00000000da180000,0x00000000da402630,0x00000000da680000)
  to   space 3072K, 0% used [0x00000000de480000,0x00000000de480000,0x00000000de780000)
 ParOldGen       total 86016K, used 16K [0x0000000082400000, 0x0000000087800000, 0x00000000d6180000)
  object space 86016K, 0% used [0x0000000082400000,0x0000000082404000,0x0000000087800000)
 Metaspace       used 3561K, capacity 4682K, committed 4864K, reserved 1056768K
  class space    used 402K, capacity 434K, committed 512K, reserved 1048576K
Event: 1.191 GC heap after
Heap after GC invocations=6 (full 0):
 PSYoungGen      total 134144K, used 2489K [0x00000000d6180000, 0x00000000de780000, 0x0000000100000000)
  eden space 131072K, 0% used [0x00000000d6180000,0x00000000d6180000,0x00000000de180000)
  from space 3072K, 81% used [0x00000000de480000,0x00000000de6ee620,0x00000000de780000)
  to   space 3072K, 0% used [0x00000000de180000,0x00000000de180000,0x00000000de480000)
 ParOldGen       total 86016K, used 16K [0x0000000082400000, 0x0000000087800000, 0x00000000d6180000)
  object space 86016K, 0% used [0x0000000082400000,0x0000000082404000,0x0000000087800000)
 Metaspace       used 3561K, capacity 4682K, committed 4864K, reserved 1056768K
  class space    used 402K, capacity 434K, committed 512K, reserved 1048576K
}

